[auto defaults] config=none auto_tune_paf=True target_blocks=0 target_blocks_per_pair=5000 target_chr_fill=0.9 fill_mode_block_threshold=300 clean_weak_pairs=False weak_pair_ratio=0.05 max_partners_per_chr=4 partner_cap_mode=both preset=auto min_chr_len=3000000 cap_to_target_blocks=False
[display] auto margin-left=220
[genomes] 3
  [0] seal: /public/home/wangwen_lab/duzecheng/projects/sea/genome/hal_extracted_genomes/seal.fa
  [1] walrus: /public/home/wangwen_lab/duzecheng/projects/sea/genome/hal_extracted_genomes/haixiang.fa
  [2] hai_lion: /public/home/wangwen_lab/duzecheng/projects/sea/genome/hal_extracted_genomes/hailion.fa
[records kept] seal: 16 / 16 using manual min_chr_len=3,000,000
[records kept] walrus: 19 / 45 using manual min_chr_len=3,000,000
[records kept] hai_lion: 18 / 18 using manual min_chr_len=3,000,000
[pairwise tuning] total_target=0 adjacent_pairs=2 pair_target=5,000
[pair parallel] workers=2 total_threads=16 threads_per_pair=8
[adjacent pair try] pair=0 seal vs walrus
[preset try] pair=0 preset=asm5
[adjacent pair try] pair=1 walrus vs hai_lion
[preset try] pair=1 preset=asm5
[reuse] PAF exists: /public/home/wangwen_lab/duzecheng/projects/sea/genome/syn/seal_hai_lion_walrus/seal_hai_lion_walrus.pair0_seal_vs_walrus.asm5.paf
[reuse] PAF exists: /public/home/wangwen_lab/duzecheng/projects/sea/genome/syn/seal_hai_lion_walrus/seal_hai_lion_walrus.pair1_walrus_vs_hai_lion.asm5.paf
[pair 1 raw blocks] preset=asm5 walrus vs hai_lion: 155,080
[pair 0 raw blocks] preset=asm5 seal vs walrus: 470,721
[preset result] pair=0 preset=asm5 blocks=10,000 pair_target=5,000 target_reached=1 chr_fill_mean=0.12964293275241048 chr_fill_pass_fraction=0.0 score=221.897032 coverage=0.9714 min_block=10098 min_identity=0.62682 min_mapq=48 min_pair_aln=8781 min_pair_blocks=1 max_partners_per_chr=4 partner_cap_mode=both
[preset stop] pair=0 asm5 reached target (chr_fill_mean=0.12964293275241048)
[pair selected] pair=0 preset=asm5 blocks=10,000 pair_target=5,000 target_reached=1 score=221.897032
[preset result] pair=1 preset=asm5 blocks=10,000 pair_target=5,000 target_reached=1 chr_fill_mean=0.7709616499104269 chr_fill_pass_fraction=0.0 score=743.366159 coverage=0.9444 min_block=1953 min_identity=0.83578 min_mapq=3 min_pair_aln=1953 min_pair_blocks=1 max_partners_per_chr=4 partner_cap_mode=both
[preset stop] pair=1 asm5 reached target (chr_fill_mean=0.7709616499104269)
[pair selected] pair=1 preset=asm5 blocks=10,000 pair_target=5,000 target_reached=1 score=743.366159
[preset selected] selected=pair0:asm5;pair1:asm5 blocks=20,000 total_target=0 pair_target=5,000 adjacent_pair_coverage=1.0000 pair_counts={0: 10000, 1: 10000}
[preset selection report] /public/home/wangwen_lab/duzecheng/projects/sea/genome/syn/seal_hai_lion_walrus/seal_hai_lion_walrus.preset_selection_report.tsv
[asa trace pdf] /public/home/wangwen_lab/duzecheng/projects/sea/genome/syn/seal_hai_lion_walrus/seal_hai_lion_walrus.asa_trace.pdf
[auto best] mode=pairwise selected=pair0:asm5;pair1:asm5 blocks=20,000 total_target=0 pair_target=5,000 adjacent_pair_coverage=1.0000
[auto report] /public/home/wangwen_lab/duzecheng/projects/sea/genome/syn/seal_hai_lion_walrus/seal_hai_lion_walrus.auto_tune_report.tsv
[asa selected steps] /public/home/wangwen_lab/duzecheng/projects/sea/genome/syn/seal_hai_lion_walrus/seal_hai_lion_walrus.asa_selected_steps.tsv
[partner pruning report] /public/home/wangwen_lab/duzecheng/projects/sea/genome/syn/seal_hai_lion_walrus/seal_hai_lion_walrus.partner_pruning_report.tsv
[dropped partner blocks] /public/home/wangwen_lab/duzecheng/projects/sea/genome/syn/seal_hai_lion_walrus/seal_hai_lion_walrus.dropped_partner_blocks.tsv
[initial chr block counts] /public/home/wangwen_lab/duzecheng/projects/sea/genome/syn/seal_hai_lion_walrus/seal_hai_lion_walrus.initial_chr_block_counts.tsv
[dominant chr pair init] /public/home/wangwen_lab/duzecheng/projects/sea/genome/syn/seal_hai_lion_walrus/seal_hai_lion_walrus.dominant_chr_pair_init.tsv
[dominant-pair clean] disabled
[final noise filter] 19,999 / 20,000; status=applied kept_pairs=40 dropped_pairs=1 dominant_pairs=40 continuity_gap=5000000 borderline_ratio=1.25
[final noise filter report] /public/home/wangwen_lab/duzecheng/projects/sea/genome/syn/seal_hai_lion_walrus/seal_hai_lion_walrus.final_noise_filter_report.tsv
[blocks drawn] 19,999; adjacent_pair_coverage=1.0000 pair_counts={0: 9999, 1: 10000}
[chr-pair block counts] /public/home/wangwen_lab/duzecheng/projects/sea/genome/syn/seal_hai_lion_walrus/seal_hai_lion_walrus.chr_pair_block_counts.tsv
[chr-pair dominance] /public/home/wangwen_lab/duzecheng/projects/sea/genome/syn/seal_hai_lion_walrus/seal_hai_lion_walrus.chr_pair_dominance.tsv
[chromosome correspondence] /public/home/wangwen_lab/duzecheng/projects/sea/genome/syn/seal_hai_lion_walrus/seal_hai_lion_walrus.chromosome_correspondence.tsv
[order] synteny-aware row ordering enabled
[sv detection] 534 SV events detected
[sv summary] /public/home/wangwen_lab/duzecheng/projects/sea/genome/syn/seal_hai_lion_walrus/seal_hai_lion_walrus.sv_summary.tsv
[done]
HTML: /public/home/wangwen_lab/duzecheng/projects/sea/genome/syn/seal_hai_lion_walrus/seal_hai_lion_walrus.multi_synteny.html
Blocks: /public/home/wangwen_lab/duzecheng/projects/sea/genome/syn/seal_hai_lion_walrus/seal_hai_lion_walrus.filtered_blocks.tsv
Chr-pair counts: /public/home/wangwen_lab/duzecheng/projects/sea/genome/syn/seal_hai_lion_walrus/seal_hai_lion_walrus.chr_pair_block_counts.tsv
Chromosome correspondence: /public/home/wangwen_lab/duzecheng/projects/sea/genome/syn/seal_hai_lion_walrus/seal_hai_lion_walrus.chromosome_correspondence.tsv
Selected preset: pair0:asm5;pair1:asm5
Preset selection report: /public/home/wangwen_lab/duzecheng/projects/sea/genome/syn/seal_hai_lion_walrus/seal_hai_lion_walrus.preset_selection_report.tsv
Auto-tune report: /public/home/wangwen_lab/duzecheng/projects/sea/genome/syn/seal_hai_lion_walrus/seal_hai_lion_walrus.auto_tune_report.tsv
ASA selected steps: /public/home/wangwen_lab/duzecheng/projects/sea/genome/syn/seal_hai_lion_walrus/seal_hai_lion_walrus.asa_selected_steps.tsv
ASA trace PDF: /public/home/wangwen_lab/duzecheng/projects/sea/genome/syn/seal_hai_lion_walrus/seal_hai_lion_walrus.asa_trace.pdf
Partner pruning report: /public/home/wangwen_lab/duzecheng/projects/sea/genome/syn/seal_hai_lion_walrus/seal_hai_lion_walrus.partner_pruning_report.tsv
Dropped partner blocks: /public/home/wangwen_lab/duzecheng/projects/sea/genome/syn/seal_hai_lion_walrus/seal_hai_lion_walrus.dropped_partner_blocks.tsv
Initial chr block counts: /public/home/wangwen_lab/duzecheng/projects/sea/genome/syn/seal_hai_lion_walrus/seal_hai_lion_walrus.initial_chr_block_counts.tsv
Final noise filter report: /public/home/wangwen_lab/duzecheng/projects/sea/genome/syn/seal_hai_lion_walrus/seal_hai_lion_walrus.final_noise_filter_report.tsv
PAF pair 0: /public/home/wangwen_lab/duzecheng/projects/sea/genome/syn/seal_hai_lion_walrus/seal_hai_lion_walrus.pair0_seal_vs_walrus.asm5.paf
PAF pair 1: /public/home/wangwen_lab/duzecheng/projects/sea/genome/syn/seal_hai_lion_walrus/seal_hai_lion_walrus.pair1_walrus_vs_hai_lion.asm5.paf
